00025c980129808feb,9e16b8fe016c40db04,5e7f95a7010cfe05d2
000316c002233f3ccf,d4eabc6b021ee3d78b,fa0792a802c8e86c72,b88ea34d0227954480,7880dabf028b234afe
000c1a1d010aaa2729,05385b35014d8c15a2,9d6b02e2010777cfca
000d9d4f02f2e52d12,5286d5e802fae34f94,f1ade6bf026eb7f276,3e5deefc027217c5e0
00103c1801fa1c2d94
001295d202a464c1f1
001bbccf0149fd119e,79e1f93001c52fa56b,186993ca0125e8bd5e
001e7501015375ea26,e405eb39011b7d308f
0022f2c401103fa917,774a653c01c84f739e,0e2841b401a0f1049c
002e238502601a5b93,02793df702bd03fb20
003b2bd902c869c7f9
003ed07e025b11f015
0043c5ef0283c2f344
004463fc01d63fc2f0,b72ed46f01d6eaa668
00449f1c014eeced59,a66984cb012216c2f1
004ac82401d18df936,01ba34130183d3565b,0ffe1392015b3cecb7
004c2c2902310ca2fc,d3e2803d02a7e663d4,45c5510f029f9c1269
005832e002a87ac810,8547aa040242d08450
005ad61f02c2460a03,6180c3690246264c48
005dc76d02e16d954f,a9200ab302331efa4c,b2ead31302e93e54b4
005de6d9013d44c322,fa9269800177278126,8db6218c01d483bbd6
005deff90147f0324e
005df215017dc6dade,69d0f1e5019b8346c1
006084f201d6506326
0060d8f301732af222
0072f2c902172733a0,a09315570280965164,2e6b9bce02b955a590,07d23db902821fc6ad
007360de0224b79cbd,8d1cb6e3021009d528,06e8c96102fcc09efb
007aa9e9018c1fed65
00865b04021a1deecf,4ebdec6802c36bb362,6f38d57e023802a030,29410ef2023f02a444
00903df801f0b1f511
009304c30250b4a814,15b2ffad0250d43cc1
0095213a01c55ccf9b,4b138cb901f6b61d40,46f576d5018fdbc4e1,c29b581c010c7161fb
00963dbf02ab747668,3cf5594b02dfb21cef,0b24bb00027d8d5dde,9258c0020265e1b653,4578880e02ad178245
0099029701e87adaf7,222bbe6901b497f255,e85d24420186ab74a4
009f76b002071e89ff,a6800fbb02cf7366f3
009fbca4020a98efc3,5aa6a41802df6395d3,9e5fa3070289651ad4
00a687190286ff732e,6e257038028b6a1ae6,4c66e13f029204b258,2807264f020fc7a5a0
00a8bfb101745c43c0,4356a7a70155431800
00ad817b02699d0ed8,efbdd73d0226198d8d
00af35f202307e3c08,a28239050298f2a30f
00b5459d02db1521b5,131a129c02368c100f,b696984902fc8c7668
00b9fa5002642e2bd4,2c929a8002fa24fafa,f9f0b52b029815852d
00c0a09a02350f430b
00c29dc902779ac446,d9051ba202916de7d6,8c42bc3a02cbd9c5ca
00c98371011bb7377f,bd5dab770105dc0636,8e4b7da60127e043c1,654e85da01a1aa9434
00cb164a027fc808c9,81f9bd8602ddab7ed7
00d05f850233482156,5d3be561022bb4bf1c
00d2a9fe02786dba9e
00d719090269973444,c4ea684802909575f4,ae936ecf023ea7c42e,43575cf602f0e243c3
00d8e3f6017f083c77,9cd89983019fed2a77,1978cb14010077c01f