-------------------------------------------
Batch: 1
-------------------------------------------
+------------------------------------------+------+----+------+
|window                                    |zone  |view|unique|
+------------------------------------------+------+----+------+
|[2018-04-01 15:20:51, 2018-04-01 15:20:53]|ru    |65  |66    |
|[2018-04-01 15:20:51, 2018-04-01 15:20:53]|not ru|17  |17    |
|[2018-04-01 15:20:52, 2018-04-01 15:20:54]|ru    |79  |79    |
|[2018-04-01 15:20:52, 2018-04-01 15:20:54]|not ru|21  |21    |
|[2018-04-01 15:20:53, 2018-04-01 15:20:55]|ru    |14  |14    |
|[2018-04-01 15:20:53, 2018-04-01 15:20:55]|not ru|4   |4     |
+------------------------------------------+------+----+------+

-------------------------------------------
Batch: 2
-------------------------------------------
+------------------------------------------+------+----+------+
|window                                    |zone  |view|unique|
+------------------------------------------+------+----+------+
|[2018-04-01 15:20:51, 2018-04-01 15:20:53]|ru    |101 |99    |
|[2018-04-01 15:20:51, 2018-04-01 15:20:53]|not ru|36  |37    |
|[2018-04-01 15:20:52, 2018-04-01 15:20:54]|ru    |151 |142   |
|[2018-04-01 15:20:52, 2018-04-01 15:20:54]|not ru|49  |47    |
|[2018-04-01 15:20:53, 2018-04-01 15:20:55]|ru    |50  |48    |
|[2018-04-01 15:20:53, 2018-04-01 15:20:55]|not ru|13  |12    |
+------------------------------------------+------+----+------+

-------------------------------------------
Batch: 3
-------------------------------------------
+------------------------------------------+------+----+------+
|window                                    |zone  |view|unique|
+------------------------------------------+------+----+------+
|[2018-04-01 15:20:51, 2018-04-01 15:20:53]|ru    |113 |113   |
|[2018-04-01 15:20:51, 2018-04-01 15:20:53]|not ru|42  |43    |
|[2018-04-01 15:20:52, 2018-04-01 15:20:54]|ru    |188 |182   |
|[2018-04-01 15:20:52, 2018-04-01 15:20:54]|not ru|62  |59    |
|[2018-04-01 15:20:53, 2018-04-01 15:20:55]|ru    |75  |73    |
|[2018-04-01 15:20:53, 2018-04-01 15:20:55]|not ru|20  |19    |
+------------------------------------------+------+----+------+

-------------------------------------------
Batch: 4
-------------------------------------------
+------------------------------------------+------+----+------+
|window                                    |zone  |view|unique|
+------------------------------------------+------+----+------+
|[2018-04-01 15:20:51, 2018-04-01 15:20:53]|ru    |119 |119   |
|[2018-04-01 15:20:51, 2018-04-01 15:20:53]|not ru|45  |46    |
|[2018-04-01 15:20:52, 2018-04-01 15:20:54]|ru    |260 |244   |
|[2018-04-01 15:20:52, 2018-04-01 15:20:54]|not ru|90  |87    |
|[2018-04-01 15:20:53, 2018-04-01 15:20:55]|ru    |141 |141   |
|[2018-04-01 15:20:53, 2018-04-01 15:20:55]|not ru|45  |44    |
+------------------------------------------+------+----+------+
